2025-10-30 17:26:52,500 [WARNING] [Старт2] Ждём 60.0 сек до следующего запроса
2025-10-30 17:39:37,478 [WARNING] [Лопатина] Ждём 70.0 сек до следующего запроса
2025-10-30 17:42:37,221 [WARNING] [Хачатрян] Ждём 70.0 сек до следующего запроса
2025-10-30 17:44:22,991 [WARNING] [Хачатрян] Ждём 60.0 сек до следующего запроса
2025-10-30 17:51:11,780 [WARNING] [Тоноян] Ждём 70.0 сек до следующего запроса
2025-10-30 17:53:38,019 [WARNING] [Тоноян] Ждём 70.0 сек до следующего запроса
2025-10-30 17:59:54,701 [WARNING] [Пилосян] Ждём 70.0 сек до следующего запроса
2025-10-30 18:25:26,946 [WARNING] Лишние колонки в DataFrame: {'cashback_commission_change', 'order_uid'}, они будут проигнорированы
2025-10-30 18:25:26,948 [WARNING] Лишние колонки в DataFrame: {'cashback_commission_change', 'order_uid'}, они будут проигнорированы
2025-10-30 18:25:26,975 [WARNING] Лишние колонки в DataFrame: {'cashback_commission_change', 'order_uid'}, они будут проигнорированы
2025-10-30 18:25:27,014 [WARNING] Лишние колонки в DataFrame: {'cashback_commission_change', 'order_uid'}, они будут проигнорированы
2025-10-30 18:25:27,046 [WARNING] Лишние колонки в DataFrame: {'cashback_commission_change', 'order_uid'}, они будут проигнорированы
2025-10-30 18:26:45,244 [INFO] Успешно сохранено 7239 строк в fin_reports_full
2025-10-30 18:30:32,888 [INFO] Успешно сохранено 36024 строк в fin_reports_full
2025-10-30 18:31:25,312 [INFO] Успешно сохранено 43356 строк в fin_reports_full
2025-10-30 18:32:31,334 [INFO] Успешно сохранено 59189 строк в fin_reports_full
2025-10-30 18:35:40,105 [INFO] Успешно сохранено 78205 строк в fin_reports_full
2025-11-07 14:35:43,675 [WARNING] [Старт2] Ждём 60.0 сек до следующего запроса
2025-11-07 14:53:37,687 [WARNING] [Лопатина] Ждём 70.0 сек до следующего запроса
2025-11-07 14:54:47,704 [WARNING] [Пилосян] Ждём 70.0 сек до следующего запроса
2025-11-07 14:56:05,968 [WARNING] [Даниелян] Ждём 60.0 сек до следующего запроса
2025-11-07 14:57:05,976 [WARNING] [Хачатрян] Ждём 60.0 сек до следующего запроса
2025-11-07 14:58:05,982 [WARNING] [Оганесян] Ждём 10.0 сек до следующего запроса
2025-11-07 14:58:25,383 [WARNING] [Вектор] Ждём 60.0 сек до следующего запроса
2025-11-07 14:59:33,850 [WARNING] Лишние колонки в DataFrame: {'cashback_commission_change', 'order_uid'}, они будут проигнорированы
2025-11-07 14:59:33,852 [WARNING] Лишние колонки в DataFrame: {'cashback_commission_change', 'order_uid'}, они будут проигнорированы
2025-11-07 14:59:33,852 [WARNING] Лишние колонки в DataFrame: {'cashback_commission_change', 'order_uid'}, они будут проигнорированы
2025-11-07 14:59:33,853 [WARNING] Лишние колонки в DataFrame: {'cashback_commission_change', 'order_uid'}, они будут проигнорированы
2025-11-07 14:59:33,853 [WARNING] Лишние колонки в DataFrame: {'cashback_commission_change', 'order_uid'}, они будут проигнорированы
2025-11-07 14:59:33,854 [WARNING] Лишние колонки в DataFrame: {'cashback_commission_change', 'order_uid'}, они будут проигнорированы
2025-11-07 14:59:33,854 [WARNING] Лишние колонки в DataFrame: {'cashback_commission_change', 'order_uid'}, они будут проигнорированы
2025-11-07 14:59:33,855 [WARNING] Лишние колонки в DataFrame: {'cashback_commission_change', 'order_uid'}, они будут проигнорированы
2025-11-07 14:59:33,856 [WARNING] Лишние колонки в DataFrame: {'cashback_commission_change', 'order_uid'}, они будут проигнорированы
2025-11-07 15:00:37,729 [INFO] Успешно сохранено 8598 строк в fin_reports_full
2025-11-07 15:01:08,632 [INFO] Успешно сохранено 39270 строк в fin_reports_full
2025-11-07 15:01:08,695 [INFO] Успешно сохранено 44892 строк в fin_reports_full
2025-11-07 15:01:17,388 [INFO] Успешно сохранено 59062 строк в fin_reports_full
2025-11-07 15:01:17,510 [INFO] Успешно сохранено 54643 строк в fin_reports_full
2025-11-07 15:01:23,319 [INFO] Успешно сохранено 65345 строк в fin_reports_full
2025-11-07 15:01:23,650 [INFO] Успешно сохранено 68086 строк в fin_reports_full
2025-11-07 15:01:26,133 [INFO] Успешно сохранено 84835 строк в fin_reports_full
2025-11-07 15:01:28,116 [INFO] Успешно сохранено 107007 строк в fin_reports_full
